[INFO  - 2020-04-19T20:44:44.435Z] GhostDriver - Main - running on port 30139
[INFO  - 2020-04-19T20:44:44.726Z] Session [99de8a10-827e-11ea-8c70-b7f6d76b3940] - page.settings - {"XSSAuditingEnabled":false,"javascriptCanCloseWindows":true,"javascriptCanOpenWindows":true,"javascriptEnabled":true,"loadImages":true,"localToRemoteUrlAccessEnabled":false,"userAgent":"Mozilla/5.0 (Unknown; Linux x86_64) AppleWebKit/534.34 (KHTML, like Gecko) PhantomJS/1.9.7 Safari/534.34","webSecurityEnabled":true}
[INFO  - 2020-04-19T20:44:44.726Z] Session [99de8a10-827e-11ea-8c70-b7f6d76b3940] - page.customHeaders:  - {}
[INFO  - 2020-04-19T20:44:44.726Z] Session [99de8a10-827e-11ea-8c70-b7f6d76b3940] - Session.negotiatedCapabilities - {"browserName":"phantomjs","version":"1.9.7","driverName":"ghostdriver","driverVersion":"1.1.0","platform":"linux-unknown-64bit","javascriptEnabled":true,"takesScreenshot":true,"handlesAlerts":false,"databaseEnabled":false,"locationContextEnabled":false,"applicationCacheEnabled":false,"browserConnectionEnabled":false,"cssSelectorsEnabled":true,"webStorageEnabled":false,"rotatable":false,"acceptSslCerts":false,"nativeEvents":true,"proxy":{"proxyType":"direct"}}
[INFO  - 2020-04-19T20:44:44.726Z] SessionManagerReqHand - _postNewSessionCommand - New Session Created: 99de8a10-827e-11ea-8c70-b7f6d76b3940
[ERROR - 2020-04-19T20:44:47.122Z] Session [99de8a10-827e-11ea-8c70-b7f6d76b3940] - page.onError - msg: ReferenceError: Can't find variable: performance
[ERROR - 2020-04-19T20:44:47.122Z] Session [99de8a10-827e-11ea-8c70-b7f6d76b3940] - page.onError - stack:
  (anonymous function) (http://www.google.com/xjs/_/js/k=xjs.hp.en.V503H8_X_uc.O/m=sb_he,d/am=AAMCbAQ/d=1/rs=ACT90oHD5Gz7TbeJtIyZDwUWeiQicr-3eQ:221)
[INFO  - 2020-04-19T20:46:28.883Z] GhostDriver - Main - running on port 10788
[INFO  - 2020-04-19T20:46:29.079Z] Session [d8116410-827e-11ea-8321-97cd5b3d0b14] - page.settings - {"XSSAuditingEnabled":false,"javascriptCanCloseWindows":true,"javascriptCanOpenWindows":true,"javascriptEnabled":true,"loadImages":true,"localToRemoteUrlAccessEnabled":false,"userAgent":"Mozilla/5.0 (Unknown; Linux x86_64) AppleWebKit/534.34 (KHTML, like Gecko) PhantomJS/1.9.7 Safari/534.34","webSecurityEnabled":true}
[INFO  - 2020-04-19T20:46:29.079Z] Session [d8116410-827e-11ea-8321-97cd5b3d0b14] - page.customHeaders:  - {}
[INFO  - 2020-04-19T20:46:29.079Z] Session [d8116410-827e-11ea-8321-97cd5b3d0b14] - Session.negotiatedCapabilities - {"browserName":"phantomjs","version":"1.9.7","driverName":"ghostdriver","driverVersion":"1.1.0","platform":"linux-unknown-64bit","javascriptEnabled":true,"takesScreenshot":true,"handlesAlerts":false,"databaseEnabled":false,"locationContextEnabled":false,"applicationCacheEnabled":false,"browserConnectionEnabled":false,"cssSelectorsEnabled":true,"webStorageEnabled":false,"rotatable":false,"acceptSslCerts":false,"nativeEvents":true,"proxy":{"proxyType":"direct"}}
[INFO  - 2020-04-19T20:46:29.079Z] SessionManagerReqHand - _postNewSessionCommand - New Session Created: d8116410-827e-11ea-8321-97cd5b3d0b14
[ERROR - 2020-04-19T20:46:32.779Z] Session [d8116410-827e-11ea-8321-97cd5b3d0b14] - page.onError - msg: ReferenceError: Can't find variable: performance
[ERROR - 2020-04-19T20:46:32.779Z] Session [d8116410-827e-11ea-8321-97cd5b3d0b14] - page.onError - stack:
  (anonymous function) (http://www.google.com/xjs/_/js/k=xjs.hp.en.V503H8_X_uc.O/m=sb_he,d/am=AAMCbAQ/d=1/rs=ACT90oHD5Gz7TbeJtIyZDwUWeiQicr-3eQ:221)
[INFO  - 2020-04-19T20:51:28.976Z] SessionManagerReqHand - _cleanupWindowlessSessions - Asynchronous Sessions clean-up phase starting NOW
[INFO  - 2020-04-19T20:56:29.077Z] SessionManagerReqHand - _cleanupWindowlessSessions - Asynchronous Sessions clean-up phase starting NOW
[INFO  - 2020-04-19T21:13:18.486Z] GhostDriver - Main - running on port 32203
[INFO  - 2020-04-19T21:13:18.914Z] Session [979a69a0-8282-11ea-a61f-e12901a74782] - page.settings - {"XSSAuditingEnabled":false,"javascriptCanCloseWindows":true,"javascriptCanOpenWindows":true,"javascriptEnabled":true,"loadImages":true,"localToRemoteUrlAccessEnabled":false,"userAgent":"Mozilla/5.0 (Unknown; Linux x86_64) AppleWebKit/534.34 (KHTML, like Gecko) PhantomJS/1.9.7 Safari/534.34","webSecurityEnabled":true}
[INFO  - 2020-04-19T21:13:18.914Z] Session [979a69a0-8282-11ea-a61f-e12901a74782] - page.customHeaders:  - {}
[INFO  - 2020-04-19T21:13:18.915Z] Session [979a69a0-8282-11ea-a61f-e12901a74782] - Session.negotiatedCapabilities - {"browserName":"phantomjs","version":"1.9.7","driverName":"ghostdriver","driverVersion":"1.1.0","platform":"linux-unknown-64bit","javascriptEnabled":true,"takesScreenshot":true,"handlesAlerts":false,"databaseEnabled":false,"locationContextEnabled":false,"applicationCacheEnabled":false,"browserConnectionEnabled":false,"cssSelectorsEnabled":true,"webStorageEnabled":false,"rotatable":false,"acceptSslCerts":false,"nativeEvents":true,"proxy":{"proxyType":"direct"}}
[INFO  - 2020-04-19T21:13:18.917Z] SessionManagerReqHand - _postNewSessionCommand - New Session Created: 979a69a0-8282-11ea-a61f-e12901a74782
[INFO  - 2020-04-24T14:15:34.706Z] GhostDriver - Main - running on port 25523
[INFO  - 2020-04-24T14:15:35.615Z] Session [10c6ee50-8636-11ea-ade3-4dc30b5dc921] - page.settings - {"XSSAuditingEnabled":false,"javascriptCanCloseWindows":true,"javascriptCanOpenWindows":true,"javascriptEnabled":true,"loadImages":true,"localToRemoteUrlAccessEnabled":false,"userAgent":"Mozilla/5.0 (Unknown; Linux x86_64) AppleWebKit/534.34 (KHTML, like Gecko) PhantomJS/1.9.7 Safari/534.34","webSecurityEnabled":true}
[INFO  - 2020-04-24T14:15:35.616Z] Session [10c6ee50-8636-11ea-ade3-4dc30b5dc921] - page.customHeaders:  - {}
[INFO  - 2020-04-24T14:15:35.617Z] Session [10c6ee50-8636-11ea-ade3-4dc30b5dc921] - Session.negotiatedCapabilities - {"browserName":"phantomjs","version":"1.9.7","driverName":"ghostdriver","driverVersion":"1.1.0","platform":"linux-unknown-64bit","javascriptEnabled":true,"takesScreenshot":true,"handlesAlerts":false,"databaseEnabled":false,"locationContextEnabled":false,"applicationCacheEnabled":false,"browserConnectionEnabled":false,"cssSelectorsEnabled":true,"webStorageEnabled":false,"rotatable":false,"acceptSslCerts":false,"nativeEvents":true,"proxy":{"proxyType":"direct"}}
[INFO  - 2020-04-24T14:15:35.617Z] SessionManagerReqHand - _postNewSessionCommand - New Session Created: 10c6ee50-8636-11ea-ade3-4dc30b5dc921
[ERROR - 2020-04-24T14:15:40.695Z] WebElementLocator - _handleLocateCommand - Element(s) NOT Found: GAVE UP. Search Stop Time: 1587737740656
[INFO  - 2020-04-24T14:19:40.257Z] GhostDriver - Main - running on port 19171
[INFO  - 2020-04-24T14:19:40.707Z] Session [a2dd9cd0-8636-11ea-9909-914c882ee3bb] - page.settings - {"XSSAuditingEnabled":false,"javascriptCanCloseWindows":true,"javascriptCanOpenWindows":true,"javascriptEnabled":true,"loadImages":true,"localToRemoteUrlAccessEnabled":false,"userAgent":"Mozilla/5.0 (Unknown; Linux x86_64) AppleWebKit/534.34 (KHTML, like Gecko) PhantomJS/1.9.7 Safari/534.34","webSecurityEnabled":true}
[INFO  - 2020-04-24T14:19:40.713Z] Session [a2dd9cd0-8636-11ea-9909-914c882ee3bb] - page.customHeaders:  - {}
[INFO  - 2020-04-24T14:19:40.713Z] Session [a2dd9cd0-8636-11ea-9909-914c882ee3bb] - Session.negotiatedCapabilities - {"browserName":"phantomjs","version":"1.9.7","driverName":"ghostdriver","driverVersion":"1.1.0","platform":"linux-unknown-64bit","javascriptEnabled":true,"takesScreenshot":true,"handlesAlerts":false,"databaseEnabled":false,"locationContextEnabled":false,"applicationCacheEnabled":false,"browserConnectionEnabled":false,"cssSelectorsEnabled":true,"webStorageEnabled":false,"rotatable":false,"acceptSslCerts":false,"nativeEvents":true,"proxy":{"proxyType":"direct"}}
[INFO  - 2020-04-24T14:19:40.713Z] SessionManagerReqHand - _postNewSessionCommand - New Session Created: a2dd9cd0-8636-11ea-9909-914c882ee3bb
[INFO  - 2020-04-24T14:20:08.901Z] GhostDriver - Main - running on port 20852
[INFO  - 2020-04-24T14:20:09.131Z] Session [b3cf1370-8636-11ea-bed5-bbc837fd31cf] - page.settings - {"XSSAuditingEnabled":false,"javascriptCanCloseWindows":true,"javascriptCanOpenWindows":true,"javascriptEnabled":true,"loadImages":true,"localToRemoteUrlAccessEnabled":false,"userAgent":"Mozilla/5.0 (Unknown; Linux x86_64) AppleWebKit/534.34 (KHTML, like Gecko) PhantomJS/1.9.7 Safari/534.34","webSecurityEnabled":true}
[INFO  - 2020-04-24T14:20:09.131Z] Session [b3cf1370-8636-11ea-bed5-bbc837fd31cf] - page.customHeaders:  - {}
[INFO  - 2020-04-24T14:20:09.131Z] Session [b3cf1370-8636-11ea-bed5-bbc837fd31cf] - Session.negotiatedCapabilities - {"browserName":"phantomjs","version":"1.9.7","driverName":"ghostdriver","driverVersion":"1.1.0","platform":"linux-unknown-64bit","javascriptEnabled":true,"takesScreenshot":true,"handlesAlerts":false,"databaseEnabled":false,"locationContextEnabled":false,"applicationCacheEnabled":false,"browserConnectionEnabled":false,"cssSelectorsEnabled":true,"webStorageEnabled":false,"rotatable":false,"acceptSslCerts":false,"nativeEvents":true,"proxy":{"proxyType":"direct"}}
[INFO  - 2020-04-24T14:20:09.132Z] SessionManagerReqHand - _postNewSessionCommand - New Session Created: b3cf1370-8636-11ea-bed5-bbc837fd31cf
[ERROR - 2020-04-24T14:20:29.858Z] WebElementLocator - _handleLocateCommand - Element(s) NOT Found: GAVE UP. Search Stop Time: 1587738029856
[INFO  - 2020-04-24T14:21:25.057Z] GhostDriver - Main - running on port 7385
[INFO  - 2020-04-24T14:21:25.335Z] Session [e13abb20-8636-11ea-ad66-335830f993b6] - page.settings - {"XSSAuditingEnabled":false,"javascriptCanCloseWindows":true,"javascriptCanOpenWindows":true,"javascriptEnabled":true,"loadImages":true,"localToRemoteUrlAccessEnabled":false,"userAgent":"Mozilla/5.0 (Unknown; Linux x86_64) AppleWebKit/534.34 (KHTML, like Gecko) PhantomJS/1.9.7 Safari/534.34","webSecurityEnabled":true}
[INFO  - 2020-04-24T14:21:25.335Z] Session [e13abb20-8636-11ea-ad66-335830f993b6] - page.customHeaders:  - {}
[INFO  - 2020-04-24T14:21:25.335Z] Session [e13abb20-8636-11ea-ad66-335830f993b6] - Session.negotiatedCapabilities - {"browserName":"phantomjs","version":"1.9.7","driverName":"ghostdriver","driverVersion":"1.1.0","platform":"linux-unknown-64bit","javascriptEnabled":true,"takesScreenshot":true,"handlesAlerts":false,"databaseEnabled":false,"locationContextEnabled":false,"applicationCacheEnabled":false,"browserConnectionEnabled":false,"cssSelectorsEnabled":true,"webStorageEnabled":false,"rotatable":false,"acceptSslCerts":false,"nativeEvents":true,"proxy":{"proxyType":"direct"}}
[INFO  - 2020-04-24T14:21:25.335Z] SessionManagerReqHand - _postNewSessionCommand - New Session Created: e13abb20-8636-11ea-ad66-335830f993b6
[ERROR - 2020-04-24T14:22:05.198Z] WebElementLocator - _handleLocateCommand - Element(s) NOT Found: GAVE UP. Search Stop Time: 1587738125140
[ERROR - 2020-04-24T14:24:02.825Z] WebElementLocator - _handleLocateCommand - Element(s) NOT Found: GAVE UP. Search Stop Time: 1587738242786
[ERROR - 2020-04-24T14:24:06.720Z] WebElementLocator - _handleLocateCommand - Element(s) NOT Found: GAVE UP. Search Stop Time: 1587738246692
[INFO  - 2020-04-24T14:26:25.055Z] SessionManagerReqHand - _cleanupWindowlessSessions - Asynchronous Sessions clean-up phase starting NOW
[ERROR - 2020-04-24T14:26:44.667Z] WebElementLocator - _handleLocateCommand - Element(s) NOT Found: GAVE UP. Search Stop Time: 1587738404619
[INFO  - 2020-04-24T14:31:25.055Z] SessionManagerReqHand - _cleanupWindowlessSessions - Asynchronous Sessions clean-up phase starting NOW
[INFO  - 2020-04-24T14:36:25.055Z] SessionManagerReqHand - _cleanupWindowlessSessions - Asynchronous Sessions clean-up phase starting NOW
[INFO  - 2020-04-24T14:41:25.055Z] SessionManagerReqHand - _cleanupWindowlessSessions - Asynchronous Sessions clean-up phase starting NOW
[INFO  - 2020-04-24T14:46:25.074Z] SessionManagerReqHand - _cleanupWindowlessSessions - Asynchronous Sessions clean-up phase starting NOW
[INFO  - 2020-04-24T14:51:25.055Z] SessionManagerReqHand - _cleanupWindowlessSessions - Asynchronous Sessions clean-up phase starting NOW
[INFO  - 2020-04-24T14:56:25.055Z] SessionManagerReqHand - _cleanupWindowlessSessions - Asynchronous Sessions clean-up phase starting NOW
[INFO  - 2020-04-24T15:01:25.055Z] SessionManagerReqHand - _cleanupWindowlessSessions - Asynchronous Sessions clean-up phase starting NOW
[INFO  - 2020-04-24T15:06:25.056Z] SessionManagerReqHand - _cleanupWindowlessSessions - Asynchronous Sessions clean-up phase starting NOW
[INFO  - 2020-04-24T15:11:25.055Z] SessionManagerReqHand - _cleanupWindowlessSessions - Asynchronous Sessions clean-up phase starting NOW
[INFO  - 2020-04-24T15:16:25.055Z] SessionManagerReqHand - _cleanupWindowlessSessions - Asynchronous Sessions clean-up phase starting NOW
[INFO  - 2020-04-24T15:21:25.055Z] SessionManagerReqHand - _cleanupWindowlessSessions - Asynchronous Sessions clean-up phase starting NOW
[INFO  - 2020-04-24T15:26:25.055Z] SessionManagerReqHand - _cleanupWindowlessSessions - Asynchronous Sessions clean-up phase starting NOW
[INFO  - 2020-04-24T15:31:25.055Z] SessionManagerReqHand - _cleanupWindowlessSessions - Asynchronous Sessions clean-up phase starting NOW
[INFO  - 2020-04-24T15:36:25.056Z] SessionManagerReqHand - _cleanupWindowlessSessions - Asynchronous Sessions clean-up phase starting NOW
[INFO  - 2020-04-24T15:41:25.056Z] SessionManagerReqHand - _cleanupWindowlessSessions - Asynchronous Sessions clean-up phase starting NOW
[INFO  - 2020-04-24T15:46:25.056Z] SessionManagerReqHand - _cleanupWindowlessSessions - Asynchronous Sessions clean-up phase starting NOW
[INFO  - 2020-04-24T15:51:25.056Z] SessionManagerReqHand - _cleanupWindowlessSessions - Asynchronous Sessions clean-up phase starting NOW
[INFO  - 2020-04-24T15:56:25.056Z] SessionManagerReqHand - _cleanupWindowlessSessions - Asynchronous Sessions clean-up phase starting NOW
[INFO  - 2020-04-24T16:01:25.056Z] SessionManagerReqHand - _cleanupWindowlessSessions - Asynchronous Sessions clean-up phase starting NOW
[INFO  - 2020-04-24T16:06:25.056Z] SessionManagerReqHand - _cleanupWindowlessSessions - Asynchronous Sessions clean-up phase starting NOW
[INFO  - 2020-04-24T16:11:25.056Z] SessionManagerReqHand - _cleanupWindowlessSessions - Asynchronous Sessions clean-up phase starting NOW
[INFO  - 2020-04-24T16:16:25.056Z] SessionManagerReqHand - _cleanupWindowlessSessions - Asynchronous Sessions clean-up phase starting NOW
[INFO  - 2020-04-24T16:21:25.056Z] SessionManagerReqHand - _cleanupWindowlessSessions - Asynchronous Sessions clean-up phase starting NOW
[INFO  - 2020-04-24T16:26:25.056Z] SessionManagerReqHand - _cleanupWindowlessSessions - Asynchronous Sessions clean-up phase starting NOW
[INFO  - 2020-04-24T16:47:01.441Z] GhostDriver - Main - running on port 5367
[INFO  - 2020-04-24T16:47:01.718Z] Session [3884fc10-864b-11ea-9f22-6731e146d962] - page.settings - {"XSSAuditingEnabled":false,"javascriptCanCloseWindows":true,"javascriptCanOpenWindows":true,"javascriptEnabled":true,"loadImages":true,"localToRemoteUrlAccessEnabled":false,"userAgent":"Mozilla/5.0 (Unknown; Linux x86_64) AppleWebKit/534.34 (KHTML, like Gecko) PhantomJS/1.9.7 Safari/534.34","webSecurityEnabled":true}
[INFO  - 2020-04-24T16:47:01.718Z] Session [3884fc10-864b-11ea-9f22-6731e146d962] - page.customHeaders:  - {}
[INFO  - 2020-04-24T16:47:01.718Z] Session [3884fc10-864b-11ea-9f22-6731e146d962] - Session.negotiatedCapabilities - {"browserName":"phantomjs","version":"1.9.7","driverName":"ghostdriver","driverVersion":"1.1.0","platform":"linux-unknown-64bit","javascriptEnabled":true,"takesScreenshot":true,"handlesAlerts":false,"databaseEnabled":false,"locationContextEnabled":false,"applicationCacheEnabled":false,"browserConnectionEnabled":false,"cssSelectorsEnabled":true,"webStorageEnabled":false,"rotatable":false,"acceptSslCerts":false,"nativeEvents":true,"proxy":{"proxyType":"direct"}}
[INFO  - 2020-04-24T16:47:01.719Z] SessionManagerReqHand - _postNewSessionCommand - New Session Created: 3884fc10-864b-11ea-9f22-6731e146d962
[ERROR - 2020-04-24T16:47:38.143Z] WebElementLocator - _handleLocateCommand - Element(s) NOT Found: GAVE UP. Search Stop Time: 1587746858092
[ERROR - 2020-04-24T16:47:52.124Z] WebElementLocator - _handleLocateCommand - Element(s) NOT Found: GAVE UP. Search Stop Time: 1587746872108
[ERROR - 2020-04-24T16:48:51.004Z] WebElementLocator - _handleLocateCommand - Element(s) NOT Found: GAVE UP. Search Stop Time: 1587746930942
[INFO  - 2020-04-24T16:52:01.439Z] SessionManagerReqHand - _cleanupWindowlessSessions - Asynchronous Sessions clean-up phase starting NOW
[ERROR - 2020-04-24T16:53:24.690Z] WebElementLocator - _handleLocateCommand - Element(s) NOT Found: GAVE UP. Search Stop Time: 1587747204644
[INFO  - 2020-04-24T16:57:01.439Z] SessionManagerReqHand - _cleanupWindowlessSessions - Asynchronous Sessions clean-up phase starting NOW
[ERROR - 2020-04-24T16:57:10.746Z] WebElementLocator - _handleLocateCommand - Element(s) NOT Found: GAVE UP. Search Stop Time: 1587747430689
[ERROR - 2020-04-24T16:57:28.594Z] WebElementLocator - _handleLocateCommand - Element(s) NOT Found: GAVE UP. Search Stop Time: 1587747448535
[ERROR - 2020-04-24T16:58:06.674Z] WebElementLocator - _handleLocateCommand - Element(s) NOT Found: GAVE UP. Search Stop Time: 1587747486633
[INFO  - 2020-04-24T17:02:01.439Z] SessionManagerReqHand - _cleanupWindowlessSessions - Asynchronous Sessions clean-up phase starting NOW
[ERROR - 2020-04-24T17:02:11.149Z] WebElementLocator - _handleLocateCommand - Element(s) NOT Found: GAVE UP. Search Stop Time: 1587747731090
[ERROR - 2020-04-24T17:02:58.680Z] WebElementLocator - _handleLocateCommand - Element(s) NOT Found: GAVE UP. Search Stop Time: 1587747778674
[ERROR - 2020-04-24T17:03:26.639Z] WebElementLocator - _handleLocateCommand - Element(s) NOT Found: GAVE UP. Search Stop Time: 1587747806637
[ERROR - 2020-04-24T17:05:36.468Z] WebElementLocator - _handleLocateCommand - Element(s) NOT Found: GAVE UP. Search Stop Time: 1587747936455
[ERROR - 2020-04-24T17:06:25.980Z] WebElementLocator - _handleLocateCommand - Element(s) NOT Found: GAVE UP. Search Stop Time: 1587747985929
[INFO  - 2020-04-24T17:07:01.439Z] SessionManagerReqHand - _cleanupWindowlessSessions - Asynchronous Sessions clean-up phase starting NOW
[INFO  - 2020-04-24T17:12:01.439Z] SessionManagerReqHand - _cleanupWindowlessSessions - Asynchronous Sessions clean-up phase starting NOW
[INFO  - 2020-04-24T17:14:33.245Z] GhostDriver - Main - running on port 15273
[INFO  - 2020-04-24T17:14:33.613Z] Session [111f6530-864f-11ea-a6fd-eb5ed95d5b4d] - page.settings - {"XSSAuditingEnabled":false,"javascriptCanCloseWindows":true,"javascriptCanOpenWindows":true,"javascriptEnabled":true,"loadImages":true,"localToRemoteUrlAccessEnabled":false,"userAgent":"Mozilla/5.0 (Unknown; Linux x86_64) AppleWebKit/534.34 (KHTML, like Gecko) PhantomJS/1.9.7 Safari/534.34","webSecurityEnabled":true}
[INFO  - 2020-04-24T17:14:33.614Z] Session [111f6530-864f-11ea-a6fd-eb5ed95d5b4d] - page.customHeaders:  - {}
[INFO  - 2020-04-24T17:14:33.614Z] Session [111f6530-864f-11ea-a6fd-eb5ed95d5b4d] - Session.negotiatedCapabilities - {"browserName":"phantomjs","version":"1.9.7","driverName":"ghostdriver","driverVersion":"1.1.0","platform":"linux-unknown-64bit","javascriptEnabled":true,"takesScreenshot":true,"handlesAlerts":false,"databaseEnabled":false,"locationContextEnabled":false,"applicationCacheEnabled":false,"browserConnectionEnabled":false,"cssSelectorsEnabled":true,"webStorageEnabled":false,"rotatable":false,"acceptSslCerts":false,"nativeEvents":true,"proxy":{"proxyType":"direct"}}
[INFO  - 2020-04-24T17:14:33.614Z] SessionManagerReqHand - _postNewSessionCommand - New Session Created: 111f6530-864f-11ea-a6fd-eb5ed95d5b4d
[INFO  - 2020-04-24T17:19:33.244Z] SessionManagerReqHand - _cleanupWindowlessSessions - Asynchronous Sessions clean-up phase starting NOW
[INFO  - 2020-04-24T17:24:33.244Z] SessionManagerReqHand - _cleanupWindowlessSessions - Asynchronous Sessions clean-up phase starting NOW
[INFO  - 2020-04-24T17:29:33.244Z] SessionManagerReqHand - _cleanupWindowlessSessions - Asynchronous Sessions clean-up phase starting NOW
[INFO  - 2020-04-24T17:34:33.244Z] SessionManagerReqHand - _cleanupWindowlessSessions - Asynchronous Sessions clean-up phase starting NOW
[INFO  - 2020-04-24T17:39:33.244Z] SessionManagerReqHand - _cleanupWindowlessSessions - Asynchronous Sessions clean-up phase starting NOW
[INFO  - 2020-04-24T17:44:33.244Z] SessionManagerReqHand - _cleanupWindowlessSessions - Asynchronous Sessions clean-up phase starting NOW
[INFO  - 2020-04-24T17:49:33.244Z] SessionManagerReqHand - _cleanupWindowlessSessions - Asynchronous Sessions clean-up phase starting NOW
[INFO  - 2020-04-24T17:54:33.244Z] SessionManagerReqHand - _cleanupWindowlessSessions - Asynchronous Sessions clean-up phase starting NOW
[INFO  - 2020-04-24T17:59:33.245Z] SessionManagerReqHand - _cleanupWindowlessSessions - Asynchronous Sessions clean-up phase starting NOW
[INFO  - 2020-04-24T18:04:33.245Z] SessionManagerReqHand - _cleanupWindowlessSessions - Asynchronous Sessions clean-up phase starting NOW
[INFO  - 2020-04-24T18:09:33.245Z] SessionManagerReqHand - _cleanupWindowlessSessions - Asynchronous Sessions clean-up phase starting NOW
[INFO  - 2020-04-24T18:14:33.245Z] SessionManagerReqHand - _cleanupWindowlessSessions - Asynchronous Sessions clean-up phase starting NOW
[INFO  - 2020-04-24T18:19:33.245Z] SessionManagerReqHand - _cleanupWindowlessSessions - Asynchronous Sessions clean-up phase starting NOW
[INFO  - 2020-04-24T18:24:33.245Z] SessionManagerReqHand - _cleanupWindowlessSessions - Asynchronous Sessions clean-up phase starting NOW
[INFO  - 2020-04-24T18:29:33.245Z] SessionManagerReqHand - _cleanupWindowlessSessions - Asynchronous Sessions clean-up phase starting NOW
[INFO  - 2020-04-24T18:34:33.245Z] SessionManagerReqHand - _cleanupWindowlessSessions - Asynchronous Sessions clean-up phase starting NOW
[INFO  - 2020-04-25T18:55:24.236Z] GhostDriver - Main - running on port 1634
[INFO  - 2020-04-25T18:55:24.900Z] Session [52632e00-8726-11ea-bfe9-178bd83ee520] - page.settings - {"XSSAuditingEnabled":false,"javascriptCanCloseWindows":true,"javascriptCanOpenWindows":true,"javascriptEnabled":true,"loadImages":true,"localToRemoteUrlAccessEnabled":false,"userAgent":"Mozilla/5.0 (Unknown; Linux x86_64) AppleWebKit/534.34 (KHTML, like Gecko) PhantomJS/1.9.7 Safari/534.34","webSecurityEnabled":true}
[INFO  - 2020-04-25T18:55:24.901Z] Session [52632e00-8726-11ea-bfe9-178bd83ee520] - page.customHeaders:  - {}
[INFO  - 2020-04-25T18:55:24.901Z] Session [52632e00-8726-11ea-bfe9-178bd83ee520] - Session.negotiatedCapabilities - {"browserName":"phantomjs","version":"1.9.7","driverName":"ghostdriver","driverVersion":"1.1.0","platform":"linux-unknown-64bit","javascriptEnabled":true,"takesScreenshot":true,"handlesAlerts":false,"databaseEnabled":false,"locationContextEnabled":false,"applicationCacheEnabled":false,"browserConnectionEnabled":false,"cssSelectorsEnabled":true,"webStorageEnabled":false,"rotatable":false,"acceptSslCerts":false,"nativeEvents":true,"proxy":{"proxyType":"direct"}}
[INFO  - 2020-04-25T18:55:24.901Z] SessionManagerReqHand - _postNewSessionCommand - New Session Created: 52632e00-8726-11ea-bfe9-178bd83ee520
[INFO  - 2020-04-25T19:00:24.234Z] SessionManagerReqHand - _cleanupWindowlessSessions - Asynchronous Sessions clean-up phase starting NOW
[ERROR - 2020-04-25T19:04:38.664Z] WebElementLocator - _handleLocateCommand - Element(s) NOT Found: GAVE UP. Search Stop Time: 1587841478627
[INFO  - 2020-04-25T19:05:24.234Z] SessionManagerReqHand - _cleanupWindowlessSessions - Asynchronous Sessions clean-up phase starting NOW
[INFO  - 2020-04-25T19:10:24.234Z] SessionManagerReqHand - _cleanupWindowlessSessions - Asynchronous Sessions clean-up phase starting NOW
[ERROR - 2020-04-25T19:11:28.589Z] WebElementLocator - _handleLocateCommand - Element(s) NOT Found: GAVE UP. Search Stop Time: 1587841888529
[ERROR - 2020-04-25T19:11:34.422Z] WebElementLocator - _handleLocateCommand - Element(s) NOT Found: GAVE UP. Search Stop Time: 1587841894365
[ERROR - 2020-04-25T19:12:59.164Z] WebElementLocator - _handleLocateCommand - Element(s) NOT Found: GAVE UP. Search Stop Time: 1587841979147
[ERROR - 2020-04-25T19:13:14.463Z] WebElementLocator - _handleLocateCommand - Element(s) NOT Found: GAVE UP. Search Stop Time: 1587841994461
[INFO  - 2020-04-25T19:15:24.234Z] SessionManagerReqHand - _cleanupWindowlessSessions - Asynchronous Sessions clean-up phase starting NOW
[INFO  - 2020-04-25T19:22:50.828Z] GhostDriver - Main - running on port 15118
[INFO  - 2020-04-25T19:22:51.181Z] Session [27a5e0a0-872a-11ea-8c84-b7c237893dce] - page.settings - {"XSSAuditingEnabled":false,"javascriptCanCloseWindows":true,"javascriptCanOpenWindows":true,"javascriptEnabled":true,"loadImages":true,"localToRemoteUrlAccessEnabled":false,"userAgent":"Mozilla/5.0 (Unknown; Linux x86_64) AppleWebKit/534.34 (KHTML, like Gecko) PhantomJS/1.9.7 Safari/534.34","webSecurityEnabled":true}
[INFO  - 2020-04-25T19:22:51.181Z] Session [27a5e0a0-872a-11ea-8c84-b7c237893dce] - page.customHeaders:  - {}
[INFO  - 2020-04-25T19:22:51.181Z] Session [27a5e0a0-872a-11ea-8c84-b7c237893dce] - Session.negotiatedCapabilities - {"browserName":"phantomjs","version":"1.9.7","driverName":"ghostdriver","driverVersion":"1.1.0","platform":"linux-unknown-64bit","javascriptEnabled":true,"takesScreenshot":true,"handlesAlerts":false,"databaseEnabled":false,"locationContextEnabled":false,"applicationCacheEnabled":false,"browserConnectionEnabled":false,"cssSelectorsEnabled":true,"webStorageEnabled":false,"rotatable":false,"acceptSslCerts":false,"nativeEvents":true,"proxy":{"proxyType":"direct"}}
[INFO  - 2020-04-25T19:22:51.182Z] SessionManagerReqHand - _postNewSessionCommand - New Session Created: 27a5e0a0-872a-11ea-8c84-b7c237893dce
[INFO  - 2020-04-25T19:27:50.826Z] SessionManagerReqHand - _cleanupWindowlessSessions - Asynchronous Sessions clean-up phase starting NOW
[INFO  - 2020-04-25T19:32:50.826Z] SessionManagerReqHand - _cleanupWindowlessSessions - Asynchronous Sessions clean-up phase starting NOW
[INFO  - 2020-04-25T19:35:15.521Z] GhostDriver - Main - running on port 13254
[INFO  - 2020-04-25T19:35:15.833Z] Session [e37dd700-872b-11ea-93bd-7d4bcdc416c6] - page.settings - {"XSSAuditingEnabled":false,"javascriptCanCloseWindows":true,"javascriptCanOpenWindows":true,"javascriptEnabled":true,"loadImages":true,"localToRemoteUrlAccessEnabled":false,"userAgent":"Mozilla/5.0 (Unknown; Linux x86_64) AppleWebKit/534.34 (KHTML, like Gecko) PhantomJS/1.9.7 Safari/534.34","webSecurityEnabled":true}
[INFO  - 2020-04-25T19:35:15.833Z] Session [e37dd700-872b-11ea-93bd-7d4bcdc416c6] - page.customHeaders:  - {}
[INFO  - 2020-04-25T19:35:15.833Z] Session [e37dd700-872b-11ea-93bd-7d4bcdc416c6] - Session.negotiatedCapabilities - {"browserName":"phantomjs","version":"1.9.7","driverName":"ghostdriver","driverVersion":"1.1.0","platform":"linux-unknown-64bit","javascriptEnabled":true,"takesScreenshot":true,"handlesAlerts":false,"databaseEnabled":false,"locationContextEnabled":false,"applicationCacheEnabled":false,"browserConnectionEnabled":false,"cssSelectorsEnabled":true,"webStorageEnabled":false,"rotatable":false,"acceptSslCerts":false,"nativeEvents":true,"proxy":{"proxyType":"direct"}}
[INFO  - 2020-04-25T19:35:15.833Z] SessionManagerReqHand - _postNewSessionCommand - New Session Created: e37dd700-872b-11ea-93bd-7d4bcdc416c6
[INFO  - 2020-04-25T19:40:15.520Z] SessionManagerReqHand - _cleanupWindowlessSessions - Asynchronous Sessions clean-up phase starting NOW
[INFO  - 2020-04-25T19:42:48.676Z] GhostDriver - Main - running on port 2453
[INFO  - 2020-04-25T19:42:49.125Z] Session [f1ad7910-872c-11ea-9dcf-514d190ab8d7] - page.settings - {"XSSAuditingEnabled":false,"javascriptCanCloseWindows":true,"javascriptCanOpenWindows":true,"javascriptEnabled":true,"loadImages":true,"localToRemoteUrlAccessEnabled":false,"userAgent":"Mozilla/5.0 (Unknown; Linux x86_64) AppleWebKit/534.34 (KHTML, like Gecko) PhantomJS/1.9.7 Safari/534.34","webSecurityEnabled":true}
[INFO  - 2020-04-25T19:42:49.126Z] Session [f1ad7910-872c-11ea-9dcf-514d190ab8d7] - page.customHeaders:  - {}
[INFO  - 2020-04-25T19:42:49.127Z] Session [f1ad7910-872c-11ea-9dcf-514d190ab8d7] - Session.negotiatedCapabilities - {"browserName":"phantomjs","version":"1.9.7","driverName":"ghostdriver","driverVersion":"1.1.0","platform":"linux-unknown-64bit","javascriptEnabled":true,"takesScreenshot":true,"handlesAlerts":false,"databaseEnabled":false,"locationContextEnabled":false,"applicationCacheEnabled":false,"browserConnectionEnabled":false,"cssSelectorsEnabled":true,"webStorageEnabled":false,"rotatable":false,"acceptSslCerts":false,"nativeEvents":true,"proxy":{"proxyType":"direct"}}
[INFO  - 2020-04-25T19:42:49.127Z] SessionManagerReqHand - _postNewSessionCommand - New Session Created: f1ad7910-872c-11ea-9dcf-514d190ab8d7
[INFO  - 2020-04-25T19:47:48.673Z] SessionManagerReqHand - _cleanupWindowlessSessions - Asynchronous Sessions clean-up phase starting NOW
[INFO  - 2020-04-25T19:52:48.678Z] SessionManagerReqHand - _cleanupWindowlessSessions - Asynchronous Sessions clean-up phase starting NOW
[INFO  - 2020-04-25T19:57:48.678Z] SessionManagerReqHand - _cleanupWindowlessSessions - Asynchronous Sessions clean-up phase starting NOW
[INFO  - 2020-04-25T20:02:48.678Z] SessionManagerReqHand - _cleanupWindowlessSessions - Asynchronous Sessions clean-up phase starting NOW
[INFO  - 2020-04-25T20:07:48.679Z] SessionManagerReqHand - _cleanupWindowlessSessions - Asynchronous Sessions clean-up phase starting NOW
[INFO  - 2020-04-25T20:12:48.679Z] SessionManagerReqHand - _cleanupWindowlessSessions - Asynchronous Sessions clean-up phase starting NOW
[INFO  - 2020-04-25T20:17:48.679Z] SessionManagerReqHand - _cleanupWindowlessSessions - Asynchronous Sessions clean-up phase starting NOW
[INFO  - 2020-04-25T20:21:52.606Z] GhostDriver - Main - running on port 11252
[INFO  - 2020-04-25T20:21:52.882Z] Session [66aa8ff0-8732-11ea-be70-ab8e098486de] - page.settings - {"XSSAuditingEnabled":false,"javascriptCanCloseWindows":true,"javascriptCanOpenWindows":true,"javascriptEnabled":true,"loadImages":true,"localToRemoteUrlAccessEnabled":false,"userAgent":"Mozilla/5.0 (Unknown; Linux x86_64) AppleWebKit/534.34 (KHTML, like Gecko) PhantomJS/1.9.7 Safari/534.34","webSecurityEnabled":true}
[INFO  - 2020-04-25T20:21:52.882Z] Session [66aa8ff0-8732-11ea-be70-ab8e098486de] - page.customHeaders:  - {}
[INFO  - 2020-04-25T20:21:52.884Z] Session [66aa8ff0-8732-11ea-be70-ab8e098486de] - Session.negotiatedCapabilities - {"browserName":"phantomjs","version":"1.9.7","driverName":"ghostdriver","driverVersion":"1.1.0","platform":"linux-unknown-64bit","javascriptEnabled":true,"takesScreenshot":true,"handlesAlerts":false,"databaseEnabled":false,"locationContextEnabled":false,"applicationCacheEnabled":false,"browserConnectionEnabled":false,"cssSelectorsEnabled":true,"webStorageEnabled":false,"rotatable":false,"acceptSslCerts":false,"nativeEvents":true,"proxy":{"proxyType":"direct"}}
[INFO  - 2020-04-25T20:21:52.884Z] SessionManagerReqHand - _postNewSessionCommand - New Session Created: 66aa8ff0-8732-11ea-be70-ab8e098486de
[INFO  - 2020-04-25T20:26:52.605Z] SessionManagerReqHand - _cleanupWindowlessSessions - Asynchronous Sessions clean-up phase starting NOW
[INFO  - 2020-04-25T20:29:36.446Z] GhostDriver - Main - running on port 14178
[INFO  - 2020-04-25T20:29:36.699Z] Session [7b1f6b80-8733-11ea-9ff1-e72a32cad71b] - page.settings - {"XSSAuditingEnabled":false,"javascriptCanCloseWindows":true,"javascriptCanOpenWindows":true,"javascriptEnabled":true,"loadImages":true,"localToRemoteUrlAccessEnabled":false,"userAgent":"Mozilla/5.0 (Unknown; Linux x86_64) AppleWebKit/534.34 (KHTML, like Gecko) PhantomJS/1.9.7 Safari/534.34","webSecurityEnabled":true}
[INFO  - 2020-04-25T20:29:36.699Z] Session [7b1f6b80-8733-11ea-9ff1-e72a32cad71b] - page.customHeaders:  - {}
[INFO  - 2020-04-25T20:29:36.699Z] Session [7b1f6b80-8733-11ea-9ff1-e72a32cad71b] - Session.negotiatedCapabilities - {"browserName":"phantomjs","version":"1.9.7","driverName":"ghostdriver","driverVersion":"1.1.0","platform":"linux-unknown-64bit","javascriptEnabled":true,"takesScreenshot":true,"handlesAlerts":false,"databaseEnabled":false,"locationContextEnabled":false,"applicationCacheEnabled":false,"browserConnectionEnabled":false,"cssSelectorsEnabled":true,"webStorageEnabled":false,"rotatable":false,"acceptSslCerts":false,"nativeEvents":true,"proxy":{"proxyType":"direct"}}
[INFO  - 2020-04-25T20:29:36.699Z] SessionManagerReqHand - _postNewSessionCommand - New Session Created: 7b1f6b80-8733-11ea-9ff1-e72a32cad71b
[INFO  - 2020-04-25T20:34:36.445Z] SessionManagerReqHand - _cleanupWindowlessSessions - Asynchronous Sessions clean-up phase starting NOW
[INFO  - 2020-04-25T20:39:36.445Z] SessionManagerReqHand - _cleanupWindowlessSessions - Asynchronous Sessions clean-up phase starting NOW
[INFO  - 2020-04-25T20:44:36.445Z] SessionManagerReqHand - _cleanupWindowlessSessions - Asynchronous Sessions clean-up phase starting NOW
[INFO  - 2020-04-25T20:49:09.548Z] GhostDriver - Main - running on port 20911
[INFO  - 2020-04-25T20:49:10.022Z] Session [3679d800-8736-11ea-b206-17be1939b3b7] - page.settings - {"XSSAuditingEnabled":false,"javascriptCanCloseWindows":true,"javascriptCanOpenWindows":true,"javascriptEnabled":true,"loadImages":true,"localToRemoteUrlAccessEnabled":false,"userAgent":"Mozilla/5.0 (Unknown; Linux x86_64) AppleWebKit/534.34 (KHTML, like Gecko) PhantomJS/1.9.7 Safari/534.34","webSecurityEnabled":true}
[INFO  - 2020-04-25T20:49:10.023Z] Session [3679d800-8736-11ea-b206-17be1939b3b7] - page.customHeaders:  - {}
[INFO  - 2020-04-25T20:49:10.023Z] Session [3679d800-8736-11ea-b206-17be1939b3b7] - Session.negotiatedCapabilities - {"browserName":"phantomjs","version":"1.9.7","driverName":"ghostdriver","driverVersion":"1.1.0","platform":"linux-unknown-64bit","javascriptEnabled":true,"takesScreenshot":true,"handlesAlerts":false,"databaseEnabled":false,"locationContextEnabled":false,"applicationCacheEnabled":false,"browserConnectionEnabled":false,"cssSelectorsEnabled":true,"webStorageEnabled":false,"rotatable":false,"acceptSslCerts":false,"nativeEvents":true,"proxy":{"proxyType":"direct"}}
[INFO  - 2020-04-25T20:49:10.023Z] SessionManagerReqHand - _postNewSessionCommand - New Session Created: 3679d800-8736-11ea-b206-17be1939b3b7
[INFO  - 2020-04-25T20:53:35.396Z] GhostDriver - Main - running on port 18118
[INFO  - 2020-04-25T20:53:35.740Z] Session [d4db0a50-8736-11ea-b904-ef6d1824d68f] - page.settings - {"XSSAuditingEnabled":false,"javascriptCanCloseWindows":true,"javascriptCanOpenWindows":true,"javascriptEnabled":true,"loadImages":true,"localToRemoteUrlAccessEnabled":false,"userAgent":"Mozilla/5.0 (Unknown; Linux x86_64) AppleWebKit/534.34 (KHTML, like Gecko) PhantomJS/1.9.7 Safari/534.34","webSecurityEnabled":true}
[INFO  - 2020-04-25T20:53:35.742Z] Session [d4db0a50-8736-11ea-b904-ef6d1824d68f] - page.customHeaders:  - {}
[INFO  - 2020-04-25T20:53:35.742Z] Session [d4db0a50-8736-11ea-b904-ef6d1824d68f] - Session.negotiatedCapabilities - {"browserName":"phantomjs","version":"1.9.7","driverName":"ghostdriver","driverVersion":"1.1.0","platform":"linux-unknown-64bit","javascriptEnabled":true,"takesScreenshot":true,"handlesAlerts":false,"databaseEnabled":false,"locationContextEnabled":false,"applicationCacheEnabled":false,"browserConnectionEnabled":false,"cssSelectorsEnabled":true,"webStorageEnabled":false,"rotatable":false,"acceptSslCerts":false,"nativeEvents":true,"proxy":{"proxyType":"direct"}}
[INFO  - 2020-04-25T20:53:35.743Z] SessionManagerReqHand - _postNewSessionCommand - New Session Created: d4db0a50-8736-11ea-b904-ef6d1824d68f
[INFO  - 2020-04-25T20:58:35.397Z] SessionManagerReqHand - _cleanupWindowlessSessions - Asynchronous Sessions clean-up phase starting NOW
[INFO  - 2020-04-25T20:59:11.446Z] GhostDriver - Main - running on port 24818
[INFO  - 2020-04-25T20:59:11.815Z] Session [9d2c5220-8737-11ea-a7e8-813dc6aecdff] - page.settings - {"XSSAuditingEnabled":false,"javascriptCanCloseWindows":true,"javascriptCanOpenWindows":true,"javascriptEnabled":true,"loadImages":true,"localToRemoteUrlAccessEnabled":false,"userAgent":"Mozilla/5.0 (Unknown; Linux x86_64) AppleWebKit/534.34 (KHTML, like Gecko) PhantomJS/1.9.7 Safari/534.34","webSecurityEnabled":true}
[INFO  - 2020-04-25T20:59:11.816Z] Session [9d2c5220-8737-11ea-a7e8-813dc6aecdff] - page.customHeaders:  - {}
[INFO  - 2020-04-25T20:59:11.816Z] Session [9d2c5220-8737-11ea-a7e8-813dc6aecdff] - Session.negotiatedCapabilities - {"browserName":"phantomjs","version":"1.9.7","driverName":"ghostdriver","driverVersion":"1.1.0","platform":"linux-unknown-64bit","javascriptEnabled":true,"takesScreenshot":true,"handlesAlerts":false,"databaseEnabled":false,"locationContextEnabled":false,"applicationCacheEnabled":false,"browserConnectionEnabled":false,"cssSelectorsEnabled":true,"webStorageEnabled":false,"rotatable":false,"acceptSslCerts":false,"nativeEvents":true,"proxy":{"proxyType":"direct"}}
[INFO  - 2020-04-25T20:59:11.816Z] SessionManagerReqHand - _postNewSessionCommand - New Session Created: 9d2c5220-8737-11ea-a7e8-813dc6aecdff
[INFO  - 2020-04-25T21:09:56.957Z] GhostDriver - Main - running on port 15010
[INFO  - 2020-04-25T21:09:57.336Z] Session [1dee3ee0-8739-11ea-9623-bdb3560e01cc] - page.settings - {"XSSAuditingEnabled":false,"javascriptCanCloseWindows":true,"javascriptCanOpenWindows":true,"javascriptEnabled":true,"loadImages":true,"localToRemoteUrlAccessEnabled":false,"userAgent":"Mozilla/5.0 (Unknown; Linux x86_64) AppleWebKit/534.34 (KHTML, like Gecko) PhantomJS/1.9.7 Safari/534.34","webSecurityEnabled":true}
[INFO  - 2020-04-25T21:09:57.336Z] Session [1dee3ee0-8739-11ea-9623-bdb3560e01cc] - page.customHeaders:  - {}
[INFO  - 2020-04-25T21:09:57.336Z] Session [1dee3ee0-8739-11ea-9623-bdb3560e01cc] - Session.negotiatedCapabilities - {"browserName":"phantomjs","version":"1.9.7","driverName":"ghostdriver","driverVersion":"1.1.0","platform":"linux-unknown-64bit","javascriptEnabled":true,"takesScreenshot":true,"handlesAlerts":false,"databaseEnabled":false,"locationContextEnabled":false,"applicationCacheEnabled":false,"browserConnectionEnabled":false,"cssSelectorsEnabled":true,"webStorageEnabled":false,"rotatable":false,"acceptSslCerts":false,"nativeEvents":true,"proxy":{"proxyType":"direct"}}
[INFO  - 2020-04-25T21:09:57.336Z] SessionManagerReqHand - _postNewSessionCommand - New Session Created: 1dee3ee0-8739-11ea-9623-bdb3560e01cc
[INFO  - 2020-04-25T21:15:06.846Z] GhostDriver - Main - running on port 27378
[INFO  - 2020-04-25T21:15:07.062Z] Session [d68b9920-8739-11ea-8e3f-bb6939d41ec7] - page.settings - {"XSSAuditingEnabled":false,"javascriptCanCloseWindows":true,"javascriptCanOpenWindows":true,"javascriptEnabled":true,"loadImages":true,"localToRemoteUrlAccessEnabled":false,"userAgent":"Mozilla/5.0 (Unknown; Linux x86_64) AppleWebKit/534.34 (KHTML, like Gecko) PhantomJS/1.9.7 Safari/534.34","webSecurityEnabled":true}
[INFO  - 2020-04-25T21:15:07.062Z] Session [d68b9920-8739-11ea-8e3f-bb6939d41ec7] - page.customHeaders:  - {}
[INFO  - 2020-04-25T21:15:07.062Z] Session [d68b9920-8739-11ea-8e3f-bb6939d41ec7] - Session.negotiatedCapabilities - {"browserName":"phantomjs","version":"1.9.7","driverName":"ghostdriver","driverVersion":"1.1.0","platform":"linux-unknown-64bit","javascriptEnabled":true,"takesScreenshot":true,"handlesAlerts":false,"databaseEnabled":false,"locationContextEnabled":false,"applicationCacheEnabled":false,"browserConnectionEnabled":false,"cssSelectorsEnabled":true,"webStorageEnabled":false,"rotatable":false,"acceptSslCerts":false,"nativeEvents":true,"proxy":{"proxyType":"direct"}}
[INFO  - 2020-04-25T21:15:07.062Z] SessionManagerReqHand - _postNewSessionCommand - New Session Created: d68b9920-8739-11ea-8e3f-bb6939d41ec7
[INFO  - 2020-04-25T21:18:00.553Z] GhostDriver - Main - running on port 18305
[INFO  - 2020-04-25T21:18:00.761Z] Session [3e141d60-873a-11ea-9b44-cfaca6b5698c] - page.settings - {"XSSAuditingEnabled":false,"javascriptCanCloseWindows":true,"javascriptCanOpenWindows":true,"javascriptEnabled":true,"loadImages":true,"localToRemoteUrlAccessEnabled":false,"userAgent":"Mozilla/5.0 (Unknown; Linux x86_64) AppleWebKit/534.34 (KHTML, like Gecko) PhantomJS/1.9.7 Safari/534.34","webSecurityEnabled":true}
[INFO  - 2020-04-25T21:18:00.761Z] Session [3e141d60-873a-11ea-9b44-cfaca6b5698c] - page.customHeaders:  - {}
[INFO  - 2020-04-25T21:18:00.761Z] Session [3e141d60-873a-11ea-9b44-cfaca6b5698c] - Session.negotiatedCapabilities - {"browserName":"phantomjs","version":"1.9.7","driverName":"ghostdriver","driverVersion":"1.1.0","platform":"linux-unknown-64bit","javascriptEnabled":true,"takesScreenshot":true,"handlesAlerts":false,"databaseEnabled":false,"locationContextEnabled":false,"applicationCacheEnabled":false,"browserConnectionEnabled":false,"cssSelectorsEnabled":true,"webStorageEnabled":false,"rotatable":false,"acceptSslCerts":false,"nativeEvents":true,"proxy":{"proxyType":"direct"}}
[INFO  - 2020-04-25T21:18:00.761Z] SessionManagerReqHand - _postNewSessionCommand - New Session Created: 3e141d60-873a-11ea-9b44-cfaca6b5698c
[INFO  - 2020-04-25T21:22:15.096Z] GhostDriver - Main - running on port 28309
[INFO  - 2020-04-25T21:22:15.504Z] Session [d5ea0c80-873a-11ea-9e79-691eafbcf181] - page.settings - {"XSSAuditingEnabled":false,"javascriptCanCloseWindows":true,"javascriptCanOpenWindows":true,"javascriptEnabled":true,"loadImages":true,"localToRemoteUrlAccessEnabled":false,"userAgent":"Mozilla/5.0 (Unknown; Linux x86_64) AppleWebKit/534.34 (KHTML, like Gecko) PhantomJS/1.9.7 Safari/534.34","webSecurityEnabled":true}
[INFO  - 2020-04-25T21:22:15.504Z] Session [d5ea0c80-873a-11ea-9e79-691eafbcf181] - page.customHeaders:  - {}
[INFO  - 2020-04-25T21:22:15.504Z] Session [d5ea0c80-873a-11ea-9e79-691eafbcf181] - Session.negotiatedCapabilities - {"browserName":"phantomjs","version":"1.9.7","driverName":"ghostdriver","driverVersion":"1.1.0","platform":"linux-unknown-64bit","javascriptEnabled":true,"takesScreenshot":true,"handlesAlerts":false,"databaseEnabled":false,"locationContextEnabled":false,"applicationCacheEnabled":false,"browserConnectionEnabled":false,"cssSelectorsEnabled":true,"webStorageEnabled":false,"rotatable":false,"acceptSslCerts":false,"nativeEvents":true,"proxy":{"proxyType":"direct"}}
[INFO  - 2020-04-25T21:22:15.504Z] SessionManagerReqHand - _postNewSessionCommand - New Session Created: d5ea0c80-873a-11ea-9e79-691eafbcf181
[INFO  - 2020-04-25T21:23:04.269Z] GhostDriver - Main - running on port 1556
[INFO  - 2020-04-25T21:23:04.542Z] Session [f3256ab0-873a-11ea-86b2-0bed61ceab01] - page.settings - {"XSSAuditingEnabled":false,"javascriptCanCloseWindows":true,"javascriptCanOpenWindows":true,"javascriptEnabled":true,"loadImages":true,"localToRemoteUrlAccessEnabled":false,"userAgent":"Mozilla/5.0 (Unknown; Linux x86_64) AppleWebKit/534.34 (KHTML, like Gecko) PhantomJS/1.9.7 Safari/534.34","webSecurityEnabled":true}
[INFO  - 2020-04-25T21:23:04.542Z] Session [f3256ab0-873a-11ea-86b2-0bed61ceab01] - page.customHeaders:  - {}
[INFO  - 2020-04-25T21:23:04.542Z] Session [f3256ab0-873a-11ea-86b2-0bed61ceab01] - Session.negotiatedCapabilities - {"browserName":"phantomjs","version":"1.9.7","driverName":"ghostdriver","driverVersion":"1.1.0","platform":"linux-unknown-64bit","javascriptEnabled":true,"takesScreenshot":true,"handlesAlerts":false,"databaseEnabled":false,"locationContextEnabled":false,"applicationCacheEnabled":false,"browserConnectionEnabled":false,"cssSelectorsEnabled":true,"webStorageEnabled":false,"rotatable":false,"acceptSslCerts":false,"nativeEvents":true,"proxy":{"proxyType":"direct"}}
[INFO  - 2020-04-25T21:23:04.543Z] SessionManagerReqHand - _postNewSessionCommand - New Session Created: f3256ab0-873a-11ea-86b2-0bed61ceab01
[INFO  - 2020-04-25T21:28:04.269Z] SessionManagerReqHand - _cleanupWindowlessSessions - Asynchronous Sessions clean-up phase starting NOW
[INFO  - 2020-04-25T21:30:42.350Z] GhostDriver - Main - running on port 15708
[INFO  - 2020-04-25T21:30:42.801Z] Session [044a09d0-873c-11ea-b243-39a837db467f] - page.settings - {"XSSAuditingEnabled":false,"javascriptCanCloseWindows":true,"javascriptCanOpenWindows":true,"javascriptEnabled":true,"loadImages":true,"localToRemoteUrlAccessEnabled":false,"userAgent":"Mozilla/5.0 (Unknown; Linux x86_64) AppleWebKit/534.34 (KHTML, like Gecko) PhantomJS/1.9.7 Safari/534.34","webSecurityEnabled":true}
[INFO  - 2020-04-25T21:30:42.801Z] Session [044a09d0-873c-11ea-b243-39a837db467f] - page.customHeaders:  - {}
[INFO  - 2020-04-25T21:30:42.801Z] Session [044a09d0-873c-11ea-b243-39a837db467f] - Session.negotiatedCapabilities - {"browserName":"phantomjs","version":"1.9.7","driverName":"ghostdriver","driverVersion":"1.1.0","platform":"linux-unknown-64bit","javascriptEnabled":true,"takesScreenshot":true,"handlesAlerts":false,"databaseEnabled":false,"locationContextEnabled":false,"applicationCacheEnabled":false,"browserConnectionEnabled":false,"cssSelectorsEnabled":true,"webStorageEnabled":false,"rotatable":false,"acceptSslCerts":false,"nativeEvents":true,"proxy":{"proxyType":"direct"}}
[INFO  - 2020-04-25T21:30:42.801Z] SessionManagerReqHand - _postNewSessionCommand - New Session Created: 044a09d0-873c-11ea-b243-39a837db467f
[INFO  - 2020-04-25T21:35:42.349Z] SessionManagerReqHand - _cleanupWindowlessSessions - Asynchronous Sessions clean-up phase starting NOW
[INFO  - 2020-04-25T21:37:25.270Z] GhostDriver - Main - running on port 29488
[INFO  - 2020-04-25T21:37:25.657Z] Session [f4692360-873c-11ea-8e80-e1ba1fcb6f6f] - page.settings - {"XSSAuditingEnabled":false,"javascriptCanCloseWindows":true,"javascriptCanOpenWindows":true,"javascriptEnabled":true,"loadImages":true,"localToRemoteUrlAccessEnabled":false,"userAgent":"Mozilla/5.0 (Unknown; Linux x86_64) AppleWebKit/534.34 (KHTML, like Gecko) PhantomJS/1.9.7 Safari/534.34","webSecurityEnabled":true}
[INFO  - 2020-04-25T21:37:25.658Z] Session [f4692360-873c-11ea-8e80-e1ba1fcb6f6f] - page.customHeaders:  - {}
[INFO  - 2020-04-25T21:37:25.658Z] Session [f4692360-873c-11ea-8e80-e1ba1fcb6f6f] - Session.negotiatedCapabilities - {"browserName":"phantomjs","version":"1.9.7","driverName":"ghostdriver","driverVersion":"1.1.0","platform":"linux-unknown-64bit","javascriptEnabled":true,"takesScreenshot":true,"handlesAlerts":false,"databaseEnabled":false,"locationContextEnabled":false,"applicationCacheEnabled":false,"browserConnectionEnabled":false,"cssSelectorsEnabled":true,"webStorageEnabled":false,"rotatable":false,"acceptSslCerts":false,"nativeEvents":true,"proxy":{"proxyType":"direct"}}
[INFO  - 2020-04-25T21:37:25.658Z] SessionManagerReqHand - _postNewSessionCommand - New Session Created: f4692360-873c-11ea-8e80-e1ba1fcb6f6f
[INFO  - 2020-04-25T21:42:32.661Z] GhostDriver - Main - running on port 17406
[INFO  - 2020-04-25T21:42:33.069Z] Session [aba47ca0-873d-11ea-894e-d317344f0d46] - page.settings - {"XSSAuditingEnabled":false,"javascriptCanCloseWindows":true,"javascriptCanOpenWindows":true,"javascriptEnabled":true,"loadImages":true,"localToRemoteUrlAccessEnabled":false,"userAgent":"Mozilla/5.0 (Unknown; Linux x86_64) AppleWebKit/534.34 (KHTML, like Gecko) PhantomJS/1.9.7 Safari/534.34","webSecurityEnabled":true}
[INFO  - 2020-04-25T21:42:33.069Z] Session [aba47ca0-873d-11ea-894e-d317344f0d46] - page.customHeaders:  - {}
[INFO  - 2020-04-25T21:42:33.070Z] Session [aba47ca0-873d-11ea-894e-d317344f0d46] - Session.negotiatedCapabilities - {"browserName":"phantomjs","version":"1.9.7","driverName":"ghostdriver","driverVersion":"1.1.0","platform":"linux-unknown-64bit","javascriptEnabled":true,"takesScreenshot":true,"handlesAlerts":false,"databaseEnabled":false,"locationContextEnabled":false,"applicationCacheEnabled":false,"browserConnectionEnabled":false,"cssSelectorsEnabled":true,"webStorageEnabled":false,"rotatable":false,"acceptSslCerts":false,"nativeEvents":true,"proxy":{"proxyType":"direct"}}
[INFO  - 2020-04-25T21:42:33.070Z] SessionManagerReqHand - _postNewSessionCommand - New Session Created: aba47ca0-873d-11ea-894e-d317344f0d46
[INFO  - 2020-04-25T21:47:32.660Z] SessionManagerReqHand - _cleanupWindowlessSessions - Asynchronous Sessions clean-up phase starting NOW
